[2020-08-30T15:30:16.753Z][QUERY]: START TRANSACTION
[2020-08-30T15:30:16.757Z][QUERY]: SELECT * FROM "information_schema"."tables" WHERE "table_schema" = current_schema() AND "table_name" = 'typeorm_metadata'
[2020-08-30T15:30:16.762Z][QUERY]: COMMIT
[2020-08-30T15:30:16.764Z][QUERY]: SELECT * FROM "information_schema"."tables" WHERE "table_schema" = current_schema() AND "table_name" = 'migrations'
[2020-08-30T15:30:16.767Z][QUERY]: SELECT * FROM "migrations" "migrations" ORDER BY "id" DESC
[2020-08-30T15:39:49.857Z][QUERY]: START TRANSACTION
[2020-08-30T15:39:49.860Z][QUERY]: SELECT * FROM "information_schema"."tables" WHERE "table_schema" = current_schema() AND "table_name" = 'typeorm_metadata'
[2020-08-30T15:39:49.865Z][QUERY]: COMMIT
[2020-08-30T15:39:49.867Z][QUERY]: SELECT * FROM "information_schema"."tables" WHERE "table_schema" = current_schema() AND "table_name" = 'migrations'
[2020-08-30T15:39:49.871Z][QUERY]: SELECT * FROM "migrations" "migrations" ORDER BY "id" DESC
[2020-08-30T15:40:54.619Z][QUERY]: START TRANSACTION
[2020-08-30T15:40:54.622Z][QUERY]: SELECT * FROM "information_schema"."tables" WHERE "table_schema" = current_schema() AND "table_name" = 'typeorm_metadata'
[2020-08-30T15:40:54.627Z][QUERY]: COMMIT
[2020-08-30T15:40:54.629Z][QUERY]: SELECT * FROM "information_schema"."tables" WHERE "table_schema" = current_schema() AND "table_name" = 'migrations'
[2020-08-30T15:40:54.633Z][QUERY]: SELECT * FROM "migrations" "migrations" ORDER BY "id" DESC
[2020-08-30T15:41:47.833Z][QUERY]: START TRANSACTION
[2020-08-30T15:41:47.837Z][QUERY]: SELECT * FROM "information_schema"."tables" WHERE "table_schema" = current_schema() AND "table_name" = 'typeorm_metadata'
[2020-08-30T15:41:47.843Z][QUERY]: COMMIT
[2020-08-30T15:41:47.845Z][QUERY]: SELECT * FROM "information_schema"."tables" WHERE "table_schema" = current_schema() AND "table_name" = 'migrations'
[2020-08-30T15:41:47.848Z][QUERY]: SELECT * FROM "migrations" "migrations" ORDER BY "id" DESC
[2020-08-30T15:42:05.672Z][QUERY]: START TRANSACTION
[2020-08-30T15:42:05.675Z][QUERY]: SELECT * FROM "information_schema"."tables" WHERE "table_schema" = current_schema() AND "table_name" = 'typeorm_metadata'
[2020-08-30T15:42:05.680Z][QUERY]: COMMIT
[2020-08-30T15:42:05.682Z][QUERY]: SELECT * FROM "information_schema"."tables" WHERE "table_schema" = current_schema() AND "table_name" = 'migrations'
[2020-08-30T15:42:05.687Z][QUERY]: SELECT * FROM "migrations" "migrations" ORDER BY "id" DESC
[2020-08-30T15:42:40.888Z][QUERY]: START TRANSACTION
[2020-08-30T15:42:40.891Z][QUERY]: SELECT * FROM "information_schema"."tables" WHERE "table_schema" = current_schema() AND "table_name" = 'typeorm_metadata'
[2020-08-30T15:42:40.896Z][QUERY]: COMMIT
[2020-08-30T15:42:40.898Z][QUERY]: SELECT * FROM "information_schema"."tables" WHERE "table_schema" = current_schema() AND "table_name" = 'migrations'
[2020-08-30T15:42:40.902Z][QUERY]: SELECT * FROM "migrations" "migrations" ORDER BY "id" DESC
[2020-08-30T15:43:42.410Z][QUERY]: START TRANSACTION
[2020-08-30T15:43:42.414Z][QUERY]: SELECT * FROM "information_schema"."tables" WHERE "table_schema" = current_schema() AND "table_name" = 'typeorm_metadata'
[2020-08-30T15:43:42.420Z][QUERY]: COMMIT
[2020-08-30T15:43:42.422Z][QUERY]: SELECT * FROM "information_schema"."tables" WHERE "table_schema" = current_schema() AND "table_name" = 'migrations'
[2020-08-30T15:43:42.426Z][QUERY]: SELECT * FROM "migrations" "migrations" ORDER BY "id" DESC
[2020-08-30T15:43:57.547Z][QUERY]: START TRANSACTION
[2020-08-30T15:43:57.550Z][QUERY]: SELECT * FROM "information_schema"."tables" WHERE "table_schema" = current_schema() AND "table_name" = 'typeorm_metadata'
[2020-08-30T15:43:57.556Z][QUERY]: COMMIT
[2020-08-30T15:43:57.558Z][QUERY]: SELECT * FROM "information_schema"."tables" WHERE "table_schema" = current_schema() AND "table_name" = 'migrations'
[2020-08-30T15:43:57.561Z][QUERY]: SELECT * FROM "migrations" "migrations" ORDER BY "id" DESC
[2020-08-30T15:49:17.342Z][QUERY]: START TRANSACTION
[2020-08-30T15:49:17.346Z][QUERY]: SELECT * FROM "information_schema"."tables" WHERE "table_schema" = current_schema() AND "table_name" = 'typeorm_metadata'
[2020-08-30T15:49:17.351Z][QUERY]: COMMIT
[2020-08-30T15:49:17.353Z][QUERY]: SELECT * FROM "information_schema"."tables" WHERE "table_schema" = current_schema() AND "table_name" = 'migrations'
[2020-08-30T15:49:17.357Z][QUERY]: SELECT * FROM "migrations" "migrations" ORDER BY "id" DESC
[2020-08-30T15:49:33.167Z][QUERY]: START TRANSACTION
[2020-08-30T15:49:33.170Z][QUERY]: SELECT * FROM "information_schema"."tables" WHERE "table_schema" = current_schema() AND "table_name" = 'typeorm_metadata'
[2020-08-30T15:49:33.175Z][QUERY]: COMMIT
[2020-08-30T15:49:33.177Z][QUERY]: SELECT * FROM "information_schema"."tables" WHERE "table_schema" = current_schema() AND "table_name" = 'migrations'
[2020-08-30T15:49:33.181Z][QUERY]: SELECT * FROM "migrations" "migrations" ORDER BY "id" DESC
[2020-08-30T15:50:41.712Z][QUERY]: START TRANSACTION
[2020-08-30T15:50:41.716Z][QUERY]: SELECT * FROM "information_schema"."tables" WHERE "table_schema" = current_schema() AND "table_name" = 'typeorm_metadata'
[2020-08-30T15:50:41.724Z][QUERY]: COMMIT
[2020-08-30T15:50:41.728Z][QUERY]: SELECT * FROM "information_schema"."tables" WHERE "table_schema" = current_schema() AND "table_name" = 'migrations'
[2020-08-30T15:50:41.735Z][QUERY]: SELECT * FROM "migrations" "migrations" ORDER BY "id" DESC
[2020-08-30T15:51:46.912Z][QUERY]: START TRANSACTION
[2020-08-30T15:51:46.915Z][QUERY]: SELECT * FROM "information_schema"."tables" WHERE "table_schema" = current_schema() AND "table_name" = 'typeorm_metadata'
[2020-08-30T15:51:46.921Z][QUERY]: COMMIT
[2020-08-30T15:51:46.923Z][QUERY]: SELECT * FROM "information_schema"."tables" WHERE "table_schema" = current_schema() AND "table_name" = 'migrations'
[2020-08-30T15:51:46.927Z][QUERY]: SELECT * FROM "migrations" "migrations" ORDER BY "id" DESC
[2020-08-30T15:54:11.183Z][QUERY]: START TRANSACTION
[2020-08-30T15:54:11.186Z][QUERY]: SELECT * FROM "information_schema"."tables" WHERE "table_schema" = current_schema() AND "table_name" = 'typeorm_metadata'
[2020-08-30T15:54:11.194Z][QUERY]: COMMIT
[2020-08-30T15:54:11.196Z][QUERY]: SELECT * FROM "information_schema"."tables" WHERE "table_schema" = current_schema() AND "table_name" = 'migrations'
[2020-08-30T15:54:11.201Z][QUERY]: SELECT * FROM "migrations" "migrations" ORDER BY "id" DESC
[2020-08-30T15:54:13.511Z][QUERY]: START TRANSACTION
[2020-08-30T15:54:13.514Z][QUERY]: SELECT * FROM "information_schema"."tables" WHERE "table_schema" = current_schema() AND "table_name" = 'typeorm_metadata'
[2020-08-30T15:54:13.520Z][QUERY]: COMMIT
[2020-08-30T15:54:13.522Z][QUERY]: SELECT * FROM "information_schema"."tables" WHERE "table_schema" = current_schema() AND "table_name" = 'migrations'
[2020-08-30T15:54:13.526Z][QUERY]: SELECT * FROM "migrations" "migrations" ORDER BY "id" DESC
[2020-08-30T15:57:52.789Z][QUERY]: START TRANSACTION
[2020-08-30T15:57:52.792Z][QUERY]: SELECT * FROM "information_schema"."tables" WHERE "table_schema" = current_schema() AND "table_name" = 'typeorm_metadata'
[2020-08-30T15:57:52.798Z][QUERY]: COMMIT
[2020-08-30T15:57:52.800Z][QUERY]: SELECT * FROM "information_schema"."tables" WHERE "table_schema" = current_schema() AND "table_name" = 'migrations'
[2020-08-30T15:57:52.804Z][QUERY]: SELECT * FROM "migrations" "migrations" ORDER BY "id" DESC
[2020-08-30T16:08:10.421Z][QUERY]: START TRANSACTION
[2020-08-30T16:08:10.424Z][QUERY]: SELECT * FROM "information_schema"."tables" WHERE "table_schema" = current_schema() AND "table_name" = 'typeorm_metadata'
[2020-08-30T16:08:10.429Z][QUERY]: COMMIT
[2020-08-30T16:08:10.431Z][QUERY]: SELECT * FROM "information_schema"."tables" WHERE "table_schema" = current_schema() AND "table_name" = 'migrations'
[2020-08-30T16:08:10.435Z][QUERY]: SELECT * FROM "migrations" "migrations" ORDER BY "id" DESC
[2020-08-30T16:08:28.771Z][QUERY]: START TRANSACTION
[2020-08-30T16:08:28.774Z][QUERY]: SELECT * FROM "information_schema"."tables" WHERE "table_schema" = current_schema() AND "table_name" = 'typeorm_metadata'
[2020-08-30T16:08:28.779Z][QUERY]: COMMIT
[2020-08-30T16:08:28.781Z][QUERY]: SELECT * FROM "information_schema"."tables" WHERE "table_schema" = current_schema() AND "table_name" = 'migrations'
[2020-08-30T16:08:28.785Z][QUERY]: SELECT * FROM "migrations" "migrations" ORDER BY "id" DESC
[2020-08-30T16:08:51.858Z][QUERY]: START TRANSACTION
[2020-08-30T16:08:51.862Z][QUERY]: SELECT * FROM "information_schema"."tables" WHERE "table_schema" = current_schema() AND "table_name" = 'typeorm_metadata'
[2020-08-30T16:08:51.868Z][QUERY]: COMMIT
[2020-08-30T16:08:51.870Z][QUERY]: SELECT * FROM "information_schema"."tables" WHERE "table_schema" = current_schema() AND "table_name" = 'migrations'
[2020-08-30T16:08:51.874Z][QUERY]: SELECT * FROM "migrations" "migrations" ORDER BY "id" DESC
[2020-08-30T16:09:47.898Z][QUERY]: START TRANSACTION
[2020-08-30T16:09:47.901Z][QUERY]: SELECT * FROM "information_schema"."tables" WHERE "table_schema" = current_schema() AND "table_name" = 'typeorm_metadata'
[2020-08-30T16:09:47.906Z][QUERY]: COMMIT
[2020-08-30T16:09:47.908Z][QUERY]: SELECT * FROM "information_schema"."tables" WHERE "table_schema" = current_schema() AND "table_name" = 'migrations'
[2020-08-30T16:09:47.912Z][QUERY]: SELECT * FROM "migrations" "migrations" ORDER BY "id" DESC
[2020-08-30T16:15:32.573Z][QUERY]: START TRANSACTION
[2020-08-30T16:15:32.577Z][QUERY]: SELECT * FROM "information_schema"."tables" WHERE "table_schema" = current_schema() AND "table_name" = 'typeorm_metadata'
[2020-08-30T16:15:32.585Z][QUERY]: COMMIT
[2020-08-30T16:15:32.588Z][QUERY]: SELECT * FROM "information_schema"."tables" WHERE "table_schema" = current_schema() AND "table_name" = 'migrations'
[2020-08-30T16:15:32.592Z][QUERY]: SELECT * FROM "migrations" "migrations" ORDER BY "id" DESC
[2020-08-30T16:15:48.688Z][QUERY]: START TRANSACTION
[2020-08-30T16:15:48.692Z][QUERY]: SELECT * FROM "information_schema"."tables" WHERE "table_schema" = current_schema() AND "table_name" = 'typeorm_metadata'
[2020-08-30T16:15:48.699Z][QUERY]: COMMIT
[2020-08-30T16:15:48.701Z][QUERY]: SELECT * FROM "information_schema"."tables" WHERE "table_schema" = current_schema() AND "table_name" = 'migrations'
[2020-08-30T16:15:48.705Z][QUERY]: SELECT * FROM "migrations" "migrations" ORDER BY "id" DESC
[2020-08-30T16:25:36.671Z][QUERY]: START TRANSACTION
[2020-08-30T16:25:36.677Z][QUERY]: SELECT * FROM "information_schema"."tables" WHERE "table_schema" = current_schema() AND "table_name" = 'typeorm_metadata'
[2020-08-30T16:25:36.687Z][QUERY]: COMMIT
[2020-08-30T16:25:36.691Z][QUERY]: SELECT * FROM "information_schema"."tables" WHERE "table_schema" = current_schema() AND "table_name" = 'migrations'
[2020-08-30T16:25:36.698Z][QUERY]: SELECT * FROM "migrations" "migrations" ORDER BY "id" DESC
[2020-08-30T16:28:34.931Z][QUERY]: START TRANSACTION
[2020-08-30T16:28:34.934Z][QUERY]: SELECT * FROM "information_schema"."tables" WHERE "table_schema" = current_schema() AND "table_name" = 'typeorm_metadata'
[2020-08-30T16:28:34.939Z][QUERY]: COMMIT
[2020-08-30T16:28:34.941Z][QUERY]: SELECT * FROM "information_schema"."tables" WHERE "table_schema" = current_schema() AND "table_name" = 'migrations'
[2020-08-30T16:28:34.945Z][QUERY]: SELECT * FROM "migrations" "migrations" ORDER BY "id" DESC
[2020-08-30T16:29:05.242Z][QUERY]: START TRANSACTION
[2020-08-30T16:29:05.245Z][QUERY]: SELECT * FROM "information_schema"."tables" WHERE "table_schema" = current_schema() AND "table_name" = 'typeorm_metadata'
[2020-08-30T16:29:05.251Z][QUERY]: COMMIT
[2020-08-30T16:29:05.253Z][QUERY]: SELECT * FROM "information_schema"."tables" WHERE "table_schema" = current_schema() AND "table_name" = 'migrations'
[2020-08-30T16:29:05.256Z][QUERY]: SELECT * FROM "migrations" "migrations" ORDER BY "id" DESC
[2020-08-30T16:29:25.659Z][QUERY]: START TRANSACTION
[2020-08-30T16:29:25.663Z][QUERY]: SELECT * FROM "information_schema"."tables" WHERE "table_schema" = current_schema() AND "table_name" = 'typeorm_metadata'
[2020-08-30T16:29:25.671Z][QUERY]: COMMIT
[2020-08-30T16:29:25.674Z][QUERY]: SELECT * FROM "information_schema"."tables" WHERE "table_schema" = current_schema() AND "table_name" = 'migrations'
[2020-08-30T16:29:25.680Z][QUERY]: SELECT * FROM "migrations" "migrations" ORDER BY "id" DESC
[2020-08-30T16:29:45.016Z][QUERY]: START TRANSACTION
[2020-08-30T16:29:45.019Z][QUERY]: SELECT * FROM "information_schema"."tables" WHERE "table_schema" = current_schema() AND "table_name" = 'typeorm_metadata'
[2020-08-30T16:29:45.024Z][QUERY]: COMMIT
[2020-08-30T16:29:45.026Z][QUERY]: SELECT * FROM "information_schema"."tables" WHERE "table_schema" = current_schema() AND "table_name" = 'migrations'
[2020-08-30T16:29:45.030Z][QUERY]: SELECT * FROM "migrations" "migrations" ORDER BY "id" DESC
[2020-08-30T16:30:38.867Z][QUERY]: START TRANSACTION
[2020-08-30T16:30:38.870Z][QUERY]: SELECT * FROM "information_schema"."tables" WHERE "table_schema" = current_schema() AND "table_name" = 'typeorm_metadata'
[2020-08-30T16:30:38.877Z][QUERY]: COMMIT
[2020-08-30T16:30:38.879Z][QUERY]: SELECT * FROM "information_schema"."tables" WHERE "table_schema" = current_schema() AND "table_name" = 'migrations'
[2020-08-30T16:30:38.883Z][QUERY]: SELECT * FROM "migrations" "migrations" ORDER BY "id" DESC
[2020-08-30T16:30:59.238Z][QUERY]: START TRANSACTION
[2020-08-30T16:30:59.241Z][QUERY]: SELECT * FROM "information_schema"."tables" WHERE "table_schema" = current_schema() AND "table_name" = 'typeorm_metadata'
[2020-08-30T16:30:59.248Z][QUERY]: COMMIT
[2020-08-30T16:30:59.250Z][QUERY]: SELECT * FROM "information_schema"."tables" WHERE "table_schema" = current_schema() AND "table_name" = 'migrations'
[2020-08-30T16:30:59.254Z][QUERY]: SELECT * FROM "migrations" "migrations" ORDER BY "id" DESC
[2020-08-30T16:33:41.668Z][QUERY]: START TRANSACTION
[2020-08-30T16:33:41.671Z][QUERY]: SELECT * FROM "information_schema"."tables" WHERE "table_schema" = current_schema() AND "table_name" = 'typeorm_metadata'
[2020-08-30T16:33:41.677Z][QUERY]: COMMIT
[2020-08-30T16:33:41.679Z][QUERY]: SELECT * FROM "information_schema"."tables" WHERE "table_schema" = current_schema() AND "table_name" = 'migrations'
[2020-08-30T16:33:41.683Z][QUERY]: SELECT * FROM "migrations" "migrations" ORDER BY "id" DESC
[2020-08-30T16:34:50.149Z][QUERY]: START TRANSACTION
[2020-08-30T16:34:50.154Z][QUERY]: SELECT * FROM "information_schema"."tables" WHERE "table_schema" = current_schema() AND "table_name" = 'typeorm_metadata'
[2020-08-30T16:34:50.161Z][QUERY]: COMMIT
[2020-08-30T16:34:50.164Z][QUERY]: SELECT * FROM "information_schema"."tables" WHERE "table_schema" = current_schema() AND "table_name" = 'migrations'
[2020-08-30T16:34:50.168Z][QUERY]: SELECT * FROM "migrations" "migrations" ORDER BY "id" DESC
[2020-08-30T16:35:59.980Z][QUERY]: START TRANSACTION
[2020-08-30T16:35:59.984Z][QUERY]: SELECT * FROM "information_schema"."tables" WHERE "table_schema" = current_schema() AND "table_name" = 'typeorm_metadata'
[2020-08-30T16:35:59.990Z][QUERY]: COMMIT
[2020-08-30T16:35:59.991Z][QUERY]: SELECT * FROM "information_schema"."tables" WHERE "table_schema" = current_schema() AND "table_name" = 'migrations'
[2020-08-30T16:35:59.995Z][QUERY]: SELECT * FROM "migrations" "migrations" ORDER BY "id" DESC
[2020-08-30T16:46:18.162Z][QUERY]: START TRANSACTION
[2020-08-30T16:46:18.165Z][QUERY]: SELECT * FROM "information_schema"."tables" WHERE "table_schema" = current_schema() AND "table_name" = 'typeorm_metadata'
[2020-08-30T16:46:18.170Z][QUERY]: COMMIT
[2020-08-30T16:46:18.172Z][QUERY]: SELECT * FROM "information_schema"."tables" WHERE "table_schema" = current_schema() AND "table_name" = 'migrations'
[2020-08-30T16:46:18.176Z][QUERY]: SELECT * FROM "migrations" "migrations" ORDER BY "id" DESC
[2020-08-30T17:52:10.526Z][QUERY]: START TRANSACTION
[2020-08-30T17:52:10.530Z][QUERY]: SELECT * FROM "information_schema"."tables" WHERE "table_schema" = current_schema() AND "table_name" = 'typeorm_metadata'
[2020-08-30T17:52:10.535Z][QUERY]: COMMIT
[2020-08-30T17:52:10.537Z][QUERY]: SELECT * FROM "information_schema"."tables" WHERE "table_schema" = current_schema() AND "table_name" = 'migrations'
[2020-08-30T17:52:10.542Z][QUERY]: SELECT * FROM "migrations" "migrations" ORDER BY "id" DESC
[2020-08-30T17:52:55.878Z][QUERY]: START TRANSACTION
[2020-08-30T17:52:55.881Z][QUERY]: SELECT * FROM "information_schema"."tables" WHERE "table_schema" = current_schema() AND "table_name" = 'typeorm_metadata'
[2020-08-30T17:52:55.888Z][QUERY]: COMMIT
[2020-08-30T17:52:55.890Z][QUERY]: SELECT * FROM "information_schema"."tables" WHERE "table_schema" = current_schema() AND "table_name" = 'migrations'
[2020-08-30T17:52:55.895Z][QUERY]: SELECT * FROM "migrations" "migrations" ORDER BY "id" DESC
